This file contains any messages produced by compilers while
running configure, to aid debugging if configure makes a mistake.

It was created by configure, which was
generated by GNU Autoconf 2.57.  Invocation command line was

  $ ./configure 

## --------- ##
## Platform. ##
## --------- ##

hostname = ysun-iqss
uname -m = i686
uname -r = 2.6.35-24-generic-pae
uname -s = Linux
uname -v = #42-Ubuntu SMP Thu Dec 2 03:21:31 UTC 2010

/usr/bin/uname -p = unknown
/bin/uname -X     = unknown

/bin/arch              = unknown
/usr/bin/arch -k       = unknown
/usr/convex/getsysinfo = unknown
hostinfo               = unknown
/bin/machine           = unknown
/usr/bin/oslevel       = unknown
/bin/universe          = unknown

PATH: /media/data/edwardspace/IntelCpl//bin/ia32
PATH: /home/ysun/workdir/IntelCpl/bin/ia32
PATH: /usr/local/sbin
PATH: /usr/local/bin
PATH: /usr/sbin
PATH: /usr/bin
PATH: /sbin
PATH: /bin
PATH: /usr/games


## ----------- ##
## Core tests. ##
## ----------- ##

configure:1219: checking for f77
configure:1248: result: no
configure:1305: checking for g77
configure:1334: result: no
configure:1305: checking for f77
configure:1334: result: no
configure:1305: checking for xlf
configure:1334: result: no
configure:1305: checking for frt
configure:1334: result: no
configure:1305: checking for pgf77
configure:1334: result: no
configure:1305: checking for fl32
configure:1334: result: no
configure:1305: checking for af77
configure:1334: result: no
configure:1305: checking for fort77
configure:1334: result: no
configure:1305: checking for f90
configure:1334: result: no
configure:1305: checking for xlf90
configure:1334: result: no
configure:1305: checking for pgf90
configure:1334: result: no
configure:1305: checking for epcf90
configure:1334: result: no
configure:1305: checking for f95
configure:1321: found /usr/bin/f95
configure:1331: result: f95
configure:1346: checking for Fortran 77 compiler version
configure:1349: f95 --version </dev/null >&5
GNU Fortran (Ubuntu/Linaro 4.4.4-14ubuntu5) 4.4.5
Copyright (C) 2010 Free Software Foundation, Inc.

GNU Fortran comes with NO WARRANTY, to the extent permitted by law.
You may redistribute copies of GNU Fortran
under the terms of the GNU General Public License.
For more information about these matters, see the file named COPYING

configure:1352: $? = 0
configure:1354: f95 -v </dev/null >&5
Using built-in specs.
Target: i686-linux-gnu
Configured with: ../src/configure -v --with-pkgversion='Ubuntu/Linaro 4.4.4-14ubuntu5' --with-bugurl=file:///usr/share/doc/gcc-4.4/README.Bugs --enable-languages=c,c++,fortran,objc,obj-c++ --prefix=/usr --program-suffix=-4.4 --enable-shared --enable-multiarch --enable-linker-build-id --with-system-zlib --libexecdir=/usr/lib --without-included-gettext --enable-threads=posix --with-gxx-include-dir=/usr/include/c++/4.4 --libdir=/usr/lib --enable-nls --with-sysroot=/ --enable-clocale=gnu --enable-libstdcxx-debug --enable-objc-gc --enable-targets=all --disable-werror --with-arch-32=i686 --with-tune=generic --enable-checking=release --build=i686-linux-gnu --host=i686-linux-gnu --target=i686-linux-gnu
Thread model: posix
gcc version 4.4.5 (Ubuntu/Linaro 4.4.4-14ubuntu5) 
configure:1357: $? = 0
configure:1359: f95 -V </dev/null >&5
f95: '-V' option must have argument
configure:1362: $? = 1
configure:1375: checking for Fortran 77 compiler default output
configure:1378: f95 -O  conftest.f  >&5
configure:1381: $? = 0
configure:1427: result: a.out
configure:1432: checking whether the Fortran 77 compiler works
configure:1438: ./a.out
configure:1441: $? = 0
configure:1458: result: yes
configure:1465: checking whether we are cross compiling
configure:1467: result: no
configure:1470: checking for suffix of executables
configure:1472: f95 -o conftest -O  conftest.f  >&5
configure:1475: $? = 0
configure:1500: result: 
configure:1506: checking for suffix of object files
configure:1517: f95 -c -O conftest.f >&5
configure:1520: $? = 0
configure:1542: result: o
configure:1550: checking whether we are using the GNU Fortran 77 compiler
configure:1564: f95 -c -O conftest.F >&5
configure:1567: $? = 0
configure:1570: test -s conftest.o
configure:1573: $? = 0
configure:1586: result: yes
configure:1593: checking whether f95 accepts -g
configure:1605: f95 -c -g conftest.f >&5
configure:1608: $? = 0
configure:1611: test -s conftest.o
configure:1614: $? = 0
configure:1626: result: yes
configure:1782: creating ./config.status

## ---------------------- ##
## Running config.status. ##
## ---------------------- ##

This file was extended by config.status, which was
generated by GNU Autoconf 2.57.  Invocation command line was

  CONFIG_FILES    = 
  CONFIG_HEADERS  = 
  CONFIG_LINKS    = 
  CONFIG_COMMANDS = 
  $ ./config.status 

on ysun-iqss

config.status:596: creating Makefile

## ---------------- ##
## Cache variables. ##
## ---------------- ##

ac_cv_env_F77_set=
ac_cv_env_F77_value=
ac_cv_env_FFLAGS_set=
ac_cv_env_FFLAGS_value=
ac_cv_env_LDFLAGS_set=
ac_cv_env_LDFLAGS_value=
ac_cv_env_build_alias_set=
ac_cv_env_build_alias_value=
ac_cv_env_host_alias_set=
ac_cv_env_host_alias_value=
ac_cv_env_target_alias_set=
ac_cv_env_target_alias_value=
ac_cv_exeext=
ac_cv_f77_compiler_gnu=yes
ac_cv_objext=o
ac_cv_prog_ac_ct_F77=f95
ac_cv_prog_f77_g=yes

## ----------------- ##
## Output variables. ##
## ----------------- ##

DEFS='-DPACKAGE_NAME=\"\" -DPACKAGE_TARNAME=\"\" -DPACKAGE_VERSION=\"\" -DPACKAGE_STRING=\"\" -DPACKAGE_BUGREPORT=\"\" '
ECHO_C=''
ECHO_N='-n'
ECHO_T=''
EXEEXT=''
F77='f95'
FFLAGS='-O'
LDFLAGS=''
LIBOBJS=''
LIBS=''
LTLIBOBJS=''
OBJEXT='o'
PACKAGE_BUGREPORT=''
PACKAGE_NAME=''
PACKAGE_STRING=''
PACKAGE_TARNAME=''
PACKAGE_VERSION=''
PATH_SEPARATOR=':'
SHELL='/bin/bash'
ac_ct_F77='f95'
bindir='${exec_prefix}/bin'
build_alias=''
datadir='${prefix}/share'
exec_prefix='${prefix}'
host_alias=''
includedir='${prefix}/include'
infodir='${prefix}/info'
libdir='${exec_prefix}/lib'
libexecdir='${exec_prefix}/libexec'
localstatedir='${prefix}/var'
mandir='${prefix}/man'
oldincludedir='/usr/include'
prefix='/usr/local'
program_transform_name='s,x,x,'
sbindir='${exec_prefix}/sbin'
sharedstatedir='${prefix}/com'
sysconfdir='${prefix}/etc'
target_alias=''

## ----------- ##
## confdefs.h. ##
## ----------- ##

#define PACKAGE_BUGREPORT ""
#define PACKAGE_NAME ""
#define PACKAGE_STRING ""
#define PACKAGE_TARNAME ""
#define PACKAGE_VERSION ""

configure: exit 0
