This file contains any messages produced by compilers while
running configure, to aid debugging if configure makes a mistake.

It was created by configure, which was
generated by GNU Autoconf 2.61.  Invocation command line was

  $ ./configure 

## --------- ##
## Platform. ##
## --------- ##

hostname = ysun-iqss
uname -m = i686
uname -r = 2.6.35-24-generic-pae
uname -s = Linux
uname -v = #42-Ubuntu SMP Thu Dec 2 03:21:31 UTC 2010

/usr/bin/uname -p = unknown
/bin/uname -X     = unknown

/bin/arch              = unknown
/usr/bin/arch -k       = unknown
/usr/convex/getsysinfo = unknown
/usr/bin/hostinfo      = unknown
/bin/machine           = unknown
/usr/bin/oslevel       = unknown
/bin/universe          = unknown

PATH: /media/data/edwardspace/IntelCpl//bin/ia32
PATH: /home/ysun/workdir/IntelCpl/bin/ia32
PATH: /usr/local/sbin
PATH: /usr/local/bin
PATH: /usr/sbin
PATH: /usr/bin
PATH: /sbin
PATH: /bin
PATH: /usr/games


## ----------- ##
## Core tests. ##
## ----------- ##

configure:1727: checking build system type
configure:1745: result: i686-pc-linux-gnu
configure:1767: checking host system type
configure:1782: result: i686-pc-linux-gnu
configure:1804: checking target system type
configure:1819: result: i686-pc-linux-gnu
configure:1868: checking for a BSD-compatible install
configure:1924: result: /usr/bin/install -c
configure:1938: checking for cc
configure:1954: found /usr/bin/cc
configure:1965: result: cc
configure:2288: checking for C compiler version
configure:2295: cc --version >&5
cc (Ubuntu/Linaro 4.4.4-14ubuntu5) 4.4.5
Copyright (C) 2010 Free Software Foundation, Inc.
This is free software; see the source for copying conditions.  There is NO
warranty; not even for MERCHANTABILITY or FITNESS FOR A PARTICULAR PURPOSE.

configure:2298: $? = 0
configure:2305: cc -v >&5
Using built-in specs.
Target: i686-linux-gnu
Configured with: ../src/configure -v --with-pkgversion='Ubuntu/Linaro 4.4.4-14ubuntu5' --with-bugurl=file:///usr/share/doc/gcc-4.4/README.Bugs --enable-languages=c,c++,fortran,objc,obj-c++ --prefix=/usr --program-suffix=-4.4 --enable-shared --enable-multiarch --enable-linker-build-id --with-system-zlib --libexecdir=/usr/lib --without-included-gettext --enable-threads=posix --with-gxx-include-dir=/usr/include/c++/4.4 --libdir=/usr/lib --enable-nls --with-sysroot=/ --enable-clocale=gnu --enable-libstdcxx-debug --enable-objc-gc --enable-targets=all --disable-werror --with-arch-32=i686 --with-tune=generic --enable-checking=release --build=i686-linux-gnu --host=i686-linux-gnu --target=i686-linux-gnu
Thread model: posix
gcc version 4.4.5 (Ubuntu/Linaro 4.4.4-14ubuntu5) 
configure:2308: $? = 0
configure:2315: cc -V >&5
cc: '-V' option must have argument
configure:2318: $? = 1
configure:2341: checking for C compiler default output file name
configure:2368: cc -O   conftest.c  >&5
configure:2371: $? = 0
configure:2409: result: a.out
configure:2426: checking whether the C compiler works
configure:2436: ./a.out
configure:2439: $? = 0
configure:2456: result: yes
configure:2463: checking whether we are cross compiling
configure:2465: result: no
configure:2468: checking for suffix of executables
configure:2475: cc -o conftest -O   conftest.c  >&5
configure:2478: $? = 0
configure:2502: result: 
configure:2508: checking for suffix of object files
configure:2534: cc -c -O  conftest.c >&5
configure:2537: $? = 0
configure:2560: result: o
configure:2564: checking whether we are using the GNU C compiler
configure:2593: cc -c -O  conftest.c >&5
configure:2599: $? = 0
configure:2616: result: yes
configure:2621: checking whether cc accepts -g
configure:2651: cc -c -g  conftest.c >&5
configure:2657: $? = 0
configure:2756: result: yes
configure:2773: checking for cc option to accept ISO C89
configure:2847: cc  -c -O  conftest.c >&5
configure:2853: $? = 0
configure:2876: result: none needed
configure:2898: checking for CC
configure:2928: result: no
configure:2993: checking for g++
configure:3009: found /usr/bin/g++
configure:3020: result: g++
configure:3051: checking for C++ compiler version
configure:3058: g++ --version >&5
g++ (Ubuntu/Linaro 4.4.4-14ubuntu5) 4.4.5
Copyright (C) 2010 Free Software Foundation, Inc.
This is free software; see the source for copying conditions.  There is NO
warranty; not even for MERCHANTABILITY or FITNESS FOR A PARTICULAR PURPOSE.

configure:3061: $? = 0
configure:3068: g++ -v >&5
Using built-in specs.
Target: i686-linux-gnu
Configured with: ../src/configure -v --with-pkgversion='Ubuntu/Linaro 4.4.4-14ubuntu5' --with-bugurl=file:///usr/share/doc/gcc-4.4/README.Bugs --enable-languages=c,c++,fortran,objc,obj-c++ --prefix=/usr --program-suffix=-4.4 --enable-shared --enable-multiarch --enable-linker-build-id --with-system-zlib --libexecdir=/usr/lib --without-included-gettext --enable-threads=posix --with-gxx-include-dir=/usr/include/c++/4.4 --libdir=/usr/lib --enable-nls --with-sysroot=/ --enable-clocale=gnu --enable-libstdcxx-debug --enable-objc-gc --enable-targets=all --disable-werror --with-arch-32=i686 --with-tune=generic --enable-checking=release --build=i686-linux-gnu --host=i686-linux-gnu --target=i686-linux-gnu
Thread model: posix
gcc version 4.4.5 (Ubuntu/Linaro 4.4.4-14ubuntu5) 
configure:3071: $? = 0
configure:3078: g++ -V >&5
g++: '-V' option must have argument
configure:3081: $? = 1
configure:3084: checking whether we are using the GNU C++ compiler
configure:3113: g++ -c -O  conftest.cpp >&5
configure:3119: $? = 0
configure:3136: result: yes
configure:3141: checking whether g++ accepts -g
configure:3171: g++ -c -g  conftest.cpp >&5
configure:3177: $? = 0
configure:3276: result: yes
configure:3300: checking whether the compiler supports the explicit keyword
configure:3333: g++ -c -O  conftest.cpp >&5
configure:3339: $? = 0
configure:3361: result: yes
configure:3409: checking for f77
configure:3439: result: no
configure:3499: checking for g77
configure:3529: result: no
configure:3499: checking for xlf
configure:3529: result: no
configure:3499: checking for f77
configure:3529: result: no
configure:3499: checking for frt
configure:3529: result: no
configure:3499: checking for pgf77
configure:3529: result: no
configure:3499: checking for cf77
configure:3529: result: no
configure:3499: checking for fort77
configure:3529: result: no
configure:3499: checking for fl32
configure:3529: result: no
configure:3499: checking for af77
configure:3529: result: no
configure:3499: checking for xlf90
configure:3529: result: no
configure:3499: checking for f90
configure:3529: result: no
configure:3499: checking for pgf90
configure:3529: result: no
configure:3499: checking for pghpf
configure:3529: result: no
configure:3499: checking for epcf90
configure:3529: result: no
configure:3499: checking for gfortran
configure:3515: found /usr/bin/gfortran
configure:3526: result: gfortran
configure:3556: checking for Fortran 77 compiler version
configure:3563: gfortran --version >&5
GNU Fortran (Ubuntu/Linaro 4.4.4-14ubuntu5) 4.4.5
Copyright (C) 2010 Free Software Foundation, Inc.

GNU Fortran comes with NO WARRANTY, to the extent permitted by law.
You may redistribute copies of GNU Fortran
under the terms of the GNU General Public License.
For more information about these matters, see the file named COPYING

configure:3566: $? = 0
configure:3573: gfortran -v >&5
Using built-in specs.
Target: i686-linux-gnu
Configured with: ../src/configure -v --with-pkgversion='Ubuntu/Linaro 4.4.4-14ubuntu5' --with-bugurl=file:///usr/share/doc/gcc-4.4/README.Bugs --enable-languages=c,c++,fortran,objc,obj-c++ --prefix=/usr --program-suffix=-4.4 --enable-shared --enable-multiarch --enable-linker-build-id --with-system-zlib --libexecdir=/usr/lib --without-included-gettext --enable-threads=posix --with-gxx-include-dir=/usr/include/c++/4.4 --libdir=/usr/lib --enable-nls --with-sysroot=/ --enable-clocale=gnu --enable-libstdcxx-debug --enable-objc-gc --enable-targets=all --disable-werror --with-arch-32=i686 --with-tune=generic --enable-checking=release --build=i686-linux-gnu --host=i686-linux-gnu --target=i686-linux-gnu
Thread model: posix
gcc version 4.4.5 (Ubuntu/Linaro 4.4.4-14ubuntu5) 
configure:3576: $? = 0
configure:3583: gfortran -V >&5
gfortran: '-V' option must have argument
configure:3586: $? = 1
configure:3594: checking whether we are using the GNU Fortran 77 compiler
configure:3613: gfortran -c -O conftest.F >&5
configure:3619: $? = 0
configure:3636: result: yes
configure:3642: checking whether gfortran accepts -g
configure:3659: gfortran -c -g conftest.f >&5
configure:3665: $? = 0
configure:3681: result: yes
configure:3712: checking how to get verbose linking output from gfortran
configure:3728: gfortran -c -O conftest.f >&5
configure:3734: $? = 0
configure:3756: gfortran -o conftest -O -v conftest.f
Using built-in specs.
Target: i686-linux-gnu
Configured with: ../src/configure -v --with-pkgversion='Ubuntu/Linaro 4.4.4-14ubuntu5' --with-bugurl=file:///usr/share/doc/gcc-4.4/README.Bugs --enable-languages=c,c++,fortran,objc,obj-c++ --prefix=/usr --program-suffix=-4.4 --enable-shared --enable-multiarch --enable-linker-build-id --with-system-zlib --libexecdir=/usr/lib --without-included-gettext --enable-threads=posix --with-gxx-include-dir=/usr/include/c++/4.4 --libdir=/usr/lib --enable-nls --with-sysroot=/ --enable-clocale=gnu --enable-libstdcxx-debug --enable-objc-gc --enable-targets=all --disable-werror --with-arch-32=i686 --with-tune=generic --enable-checking=release --build=i686-linux-gnu --host=i686-linux-gnu --target=i686-linux-gnu
Thread model: posix
gcc version 4.4.5 (Ubuntu/Linaro 4.4.4-14ubuntu5) 
COLLECT_GCC_OPTIONS='-o' 'conftest' '-O' '-v' '-shared-libgcc' '-mtune=generic' '-march=i686'
 /usr/lib/gcc/i686-linux-gnu/4.4.5/f951 conftest.f -ffixed-form -quiet -dumpbase conftest.f -mtune=generic -march=i686 -auxbase conftest -O -version -fintrinsic-modules-path /usr/lib/gcc/i686-linux-gnu/4.4.5/finclude -o /tmp/ccV1kKl1.s
GNU Fortran (Ubuntu/Linaro 4.4.4-14ubuntu5) version 4.4.5 (i686-linux-gnu)
	compiled by GNU C version 4.4.5, GMP version 4.3.2, MPFR version 3.0.0-p3.
GGC heuristics: --param ggc-min-expand=100 --param ggc-min-heapsize=131072
COLLECT_GCC_OPTIONS='-o' 'conftest' '-O' '-v' '-shared-libgcc' '-mtune=generic' '-march=i686'
 as -V -Qy -o /tmp/ccejtAuv.o /tmp/ccV1kKl1.s
GNU assembler version 2.20.51 (i686-linux-gnu) using BFD version (GNU Binutils for Ubuntu) 2.20.51-system.20100908
COMPILER_PATH=/usr/lib/gcc/i686-linux-gnu/4.4.5/:/usr/lib/gcc/i686-linux-gnu/4.4.5/:/usr/lib/gcc/i686-linux-gnu/:/usr/lib/gcc/i686-linux-gnu/4.4.5/:/usr/lib/gcc/i686-linux-gnu/:/usr/lib/gcc/i686-linux-gnu/4.4.5/:/usr/lib/gcc/i686-linux-gnu/
LIBRARY_PATH=/media/data/edwardspace/IntelCpl//tbb/ia32/cc4.1.0_libc2.4_kernel2.6.16.21/lib/../lib/:/usr/lib/gcc/i686-linux-gnu/4.4.5/:/usr/lib/gcc/i686-linux-gnu/4.4.5/:/usr/lib/gcc/i686-linux-gnu/4.4.5/../../../../lib/:/lib/../lib/:/usr/lib/../lib/:/media/data/edwardspace/IntelCpl//lib/ia32/:/media/data/edwardspace/IntelCpl//mkl/lib/32/:/media/data/edwardspace/IntelCpl//tbb/ia32/cc4.1.0_libc2.4_kernel2.6.16.21/lib/:/usr/lib/gcc/i686-linux-gnu/4.4.5/../../../:/lib/:/usr/lib/:/usr/lib/i686-linux-gnu/
COLLECT_GCC_OPTIONS='-o' 'conftest' '-O' '-v' '-shared-libgcc' '-mtune=generic' '-march=i686'
 /usr/lib/gcc/i686-linux-gnu/4.4.5/collect2 --build-id --eh-frame-hdr -m elf_i386 --hash-style=gnu -dynamic-linker /lib/ld-linux.so.2 -o conftest -z relro /usr/lib/gcc/i686-linux-gnu/4.4.5/../../../../lib/crt1.o /usr/lib/gcc/i686-linux-gnu/4.4.5/../../../../lib/crti.o /usr/lib/gcc/i686-linux-gnu/4.4.5/crtbegin.o -L/media/data/edwardspace/IntelCpl//tbb/ia32/cc4.1.0_libc2.4_kernel2.6.16.21/lib/../lib -L/usr/lib/gcc/i686-linux-gnu/4.4.5 -L/usr/lib/gcc/i686-linux-gnu/4.4.5 -L/usr/lib/gcc/i686-linux-gnu/4.4.5/../../../../lib -L/lib/../lib -L/usr/lib/../lib -L/media/data/edwardspace/IntelCpl//lib/ia32 -L/media/data/edwardspace/IntelCpl//mkl/lib/32 -L/media/data/edwardspace/IntelCpl//tbb/ia32/cc4.1.0_libc2.4_kernel2.6.16.21/lib -L/usr/lib/gcc/i686-linux-gnu/4.4.5/../../.. -L/usr/lib/i686-linux-gnu /tmp/ccejtAuv.o -lgfortranbegin -lgfortran -lm -lgcc_s -lgcc -lc -lgcc_s -lgcc /usr/lib/gcc/i686-linux-gnu/4.4.5/crtend.o /usr/lib/gcc/i686-linux-gnu/4.4.5/../../../../lib/crtn.o
configure:3822: result: -v
configure:3824: checking for Fortran 77 libraries of gfortran
configure:3847: gfortran -o conftest -O -v conftest.f
Using built-in specs.
Target: i686-linux-gnu
Configured with: ../src/configure -v --with-pkgversion='Ubuntu/Linaro 4.4.4-14ubuntu5' --with-bugurl=file:///usr/share/doc/gcc-4.4/README.Bugs --enable-languages=c,c++,fortran,objc,obj-c++ --prefix=/usr --program-suffix=-4.4 --enable-shared --enable-multiarch --enable-linker-build-id --with-system-zlib --libexecdir=/usr/lib --without-included-gettext --enable-threads=posix --with-gxx-include-dir=/usr/include/c++/4.4 --libdir=/usr/lib --enable-nls --with-sysroot=/ --enable-clocale=gnu --enable-libstdcxx-debug --enable-objc-gc --enable-targets=all --disable-werror --with-arch-32=i686 --with-tune=generic --enable-checking=release --build=i686-linux-gnu --host=i686-linux-gnu --target=i686-linux-gnu
Thread model: posix
gcc version 4.4.5 (Ubuntu/Linaro 4.4.4-14ubuntu5) 
COLLECT_GCC_OPTIONS='-o' 'conftest' '-O' '-v' '-shared-libgcc' '-mtune=generic' '-march=i686'
 /usr/lib/gcc/i686-linux-gnu/4.4.5/f951 conftest.f -ffixed-form -quiet -dumpbase conftest.f -mtune=generic -march=i686 -auxbase conftest -O -version -fintrinsic-modules-path /usr/lib/gcc/i686-linux-gnu/4.4.5/finclude -o /tmp/cc2iWY01.s
GNU Fortran (Ubuntu/Linaro 4.4.4-14ubuntu5) version 4.4.5 (i686-linux-gnu)
	compiled by GNU C version 4.4.5, GMP version 4.3.2, MPFR version 3.0.0-p3.
GGC heuristics: --param ggc-min-expand=100 --param ggc-min-heapsize=131072
COLLECT_GCC_OPTIONS='-o' 'conftest' '-O' '-v' '-shared-libgcc' '-mtune=generic' '-march=i686'
 as -V -Qy -o /tmp/cc4ex1iw.o /tmp/cc2iWY01.s
GNU assembler version 2.20.51 (i686-linux-gnu) using BFD version (GNU Binutils for Ubuntu) 2.20.51-system.20100908
COMPILER_PATH=/usr/lib/gcc/i686-linux-gnu/4.4.5/:/usr/lib/gcc/i686-linux-gnu/4.4.5/:/usr/lib/gcc/i686-linux-gnu/:/usr/lib/gcc/i686-linux-gnu/4.4.5/:/usr/lib/gcc/i686-linux-gnu/:/usr/lib/gcc/i686-linux-gnu/4.4.5/:/usr/lib/gcc/i686-linux-gnu/
LIBRARY_PATH=/media/data/edwardspace/IntelCpl//tbb/ia32/cc4.1.0_libc2.4_kernel2.6.16.21/lib/../lib/:/usr/lib/gcc/i686-linux-gnu/4.4.5/:/usr/lib/gcc/i686-linux-gnu/4.4.5/:/usr/lib/gcc/i686-linux-gnu/4.4.5/../../../../lib/:/lib/../lib/:/usr/lib/../lib/:/media/data/edwardspace/IntelCpl//lib/ia32/:/media/data/edwardspace/IntelCpl//mkl/lib/32/:/media/data/edwardspace/IntelCpl//tbb/ia32/cc4.1.0_libc2.4_kernel2.6.16.21/lib/:/usr/lib/gcc/i686-linux-gnu/4.4.5/../../../:/lib/:/usr/lib/:/usr/lib/i686-linux-gnu/
COLLECT_GCC_OPTIONS='-o' 'conftest' '-O' '-v' '-shared-libgcc' '-mtune=generic' '-march=i686'
 /usr/lib/gcc/i686-linux-gnu/4.4.5/collect2 --build-id --eh-frame-hdr -m elf_i386 --hash-style=gnu -dynamic-linker /lib/ld-linux.so.2 -o conftest -z relro /usr/lib/gcc/i686-linux-gnu/4.4.5/../../../../lib/crt1.o /usr/lib/gcc/i686-linux-gnu/4.4.5/../../../../lib/crti.o /usr/lib/gcc/i686-linux-gnu/4.4.5/crtbegin.o -L/media/data/edwardspace/IntelCpl//tbb/ia32/cc4.1.0_libc2.4_kernel2.6.16.21/lib/../lib -L/usr/lib/gcc/i686-linux-gnu/4.4.5 -L/usr/lib/gcc/i686-linux-gnu/4.4.5 -L/usr/lib/gcc/i686-linux-gnu/4.4.5/../../../../lib -L/lib/../lib -L/usr/lib/../lib -L/media/data/edwardspace/IntelCpl//lib/ia32 -L/media/data/edwardspace/IntelCpl//mkl/lib/32 -L/media/data/edwardspace/IntelCpl//tbb/ia32/cc4.1.0_libc2.4_kernel2.6.16.21/lib -L/usr/lib/gcc/i686-linux-gnu/4.4.5/../../.. -L/usr/lib/i686-linux-gnu /tmp/cc4ex1iw.o -lgfortranbegin -lgfortran -lm -lgcc_s -lgcc -lc -lgcc_s -lgcc /usr/lib/gcc/i686-linux-gnu/4.4.5/crtend.o /usr/lib/gcc/i686-linux-gnu/4.4.5/../../../../lib/crtn.o
configure:4021: result:  -L/media/data/edwardspace/IntelCpl//tbb/ia32/cc4.1.0_libc2.4_kernel2.6.16.21/lib/../lib -L/usr/lib/gcc/i686-linux-gnu/4.4.5 -L/usr/lib/gcc/i686-linux-gnu/4.4.5/../../../../lib -L/lib/../lib -L/usr/lib/../lib -L/media/data/edwardspace/IntelCpl//lib/ia32 -L/media/data/edwardspace/IntelCpl//mkl/lib/32 -L/media/data/edwardspace/IntelCpl//tbb/ia32/cc4.1.0_libc2.4_kernel2.6.16.21/lib -L/usr/lib/gcc/i686-linux-gnu/4.4.5/../../.. -L/usr/lib/i686-linux-gnu -lgfortranbegin -lgfortran -lm
configure:4197: checking for dcopy in -lblas
configure:4215: gfortran -o conftest -O  conftest.f -lblas   >&5
configure:4221: $? = 0
configure:4239: result: yes
configure:4305: checking for ma27ad in -lMA27
configure:4323: gfortran -o conftest -O  conftest.f -lMA27   >&5
/usr/bin/ld: cannot find -lMA27
collect2: ld returned 1 exit status
configure:4329: $? = 1
configure: failed program was:
|       program main
|       call ma27ad
|       end
configure:4347: result: no
configure:4361: checking for ma27ad in extras/MA27/libMA27.a
configure:4376: gfortran -o conftest -O  conftest.f extras/MA27/libMA27.a extras/MA27/libMA27.a  >&5
conftest.f:2.1:

ma27ad()                                                                
 1
Error: Non-numeric character in statement label at (1)
conftest.f:2.1:

ma27ad()                                                                
 1
Error: Unclassifiable statement at (1)
configure:4382: $? = 1
configure: failed program was:
|       program main
| ma27ad()
|       end
configure:4400: result: yes
configure:4410: checking for ma27td in extras/MA27/libMA27.a
configure:4425: gfortran -o conftest -O  conftest.f extras/MA27/libMA27.a extras/MA27/libMA27.a  >&5
conftest.f:2.1:

ma27td()                                                                
 1
Error: Non-numeric character in statement label at (1)
conftest.f:2.1:

ma27td()                                                                
 1
Error: Unclassifiable statement at (1)
configure:4431: $? = 1
configure: failed program was:
|       program main
| ma27td()
|       end
configure:4449: result: yes
configure:4466: checking for ma57ad in -lMA57
configure:4484: gfortran -o conftest -O  conftest.f -lMA57 -lblas  >&5
/usr/bin/ld: cannot find -lMA57
collect2: ld returned 1 exit status
configure:4490: $? = 1
configure: failed program was:
|       program main
|       call ma57ad
|       end
configure:4508: result: no
configure:4522: checking for ma57id in extras/MA57/libMA57.a
configure:4537: gfortran -o conftest -O  conftest.f extras/MA57/libMA57.a -lblas  >&5
gfortran: extras/MA57/libMA57.a: No such file or directory
conftest.f:2.1:

ma57id()                                                                
 1
Error: Non-numeric character in statement label at (1)
conftest.f:2.1:

ma57id()                                                                
 1
Error: Unclassifiable statement at (1)
configure:4543: $? = 1
configure: failed program was:
|       program main
| ma57id()
|       end
configure:4561: result: yes
configure:4580: WARNING: I could not find MA27. Set the MA27LIB environment
	    variable and try again. 
configure:4587: WARNING: I could not find MA57. To enable MA57, set 
configure:4589: WARNING: the MA57LIB environment variable and try again. 
configure:4642: checking for ranlib
configure:4658: found /usr/bin/ranlib
configure:4669: result: ranlib
configure:4708: checking how to run the C++ preprocessor
configure:4744: g++ -E  conftest.cpp
configure:4750: $? = 0
configure:4781: g++ -E  conftest.cpp
conftest.cpp:9: fatal error: ac_nonexistent.h: No such file or directory
compilation terminated.
configure:4787: $? = 1
configure: failed program was:
| /* confdefs.h.  */
| #define PACKAGE_NAME ""
| #define PACKAGE_TARNAME ""
| #define PACKAGE_VERSION ""
| #define PACKAGE_STRING ""
| #define PACKAGE_BUGREPORT ""
| #define HAVE_EXPLICIT
| /* end confdefs.h.  */
| #include <ac_nonexistent.h>
configure:4820: result: g++ -E
configure:4849: g++ -E  conftest.cpp
configure:4855: $? = 0
configure:4886: g++ -E  conftest.cpp
conftest.cpp:9: fatal error: ac_nonexistent.h: No such file or directory
compilation terminated.
configure:4892: $? = 1
configure: failed program was:
| /* confdefs.h.  */
| #define PACKAGE_NAME ""
| #define PACKAGE_TARNAME ""
| #define PACKAGE_VERSION ""
| #define PACKAGE_STRING ""
| #define PACKAGE_BUGREPORT ""
| #define HAVE_EXPLICIT
| /* end confdefs.h.  */
| #include <ac_nonexistent.h>
configure:4930: checking for grep that handles long lines and -e
configure:5004: result: /bin/grep
configure:5009: checking for egrep
configure:5087: result: /bin/grep -E
configure:5092: checking for ANSI C header files
configure:5122: g++ -c -O  conftest.cpp >&5
configure:5128: $? = 0
configure:5227: g++ -o conftest -O   conftest.cpp  >&5
configure:5230: $? = 0
configure:5236: ./conftest
configure:5239: $? = 0
configure:5256: result: yes
configure:5272: checking for getrusage
configure:5328: g++ -o conftest -O   conftest.cpp  >&5
configure:5334: $? = 0
configure:5352: result: yes
configure:5366: WARNING: Petsc support has been disabled.
configure:5368: WARNING: If you intend to use Petsc, set PETSC_DIR and
configure:5370: WARNING: PETSC_ARCH and run configure again.
configure:5519: creating ./config.status

## ---------------------- ##
## Running config.status. ##
## ---------------------- ##

This file was extended by config.status, which was
generated by GNU Autoconf 2.61.  Invocation command line was

  CONFIG_FILES    = 
  CONFIG_HEADERS  = 
  CONFIG_LINKS    = 
  CONFIG_COMMANDS = 
  $ ./config.status 

on ysun-iqss

config.status:608: creating GNUmakefile
config.status:743: WARNING:  GNUmakefile.in seems to ignore the --datarootdir setting
config.status:608: creating PetscMakefile
configure:6497: === configuring in src/Mex (/home/ysun/Downloads/OOQP-0.99.22/src/Mex)
configure:6600: running /bin/bash ./configure '--prefix=/usr/local'  --cache-file=/dev/null --srcdir=.
configure:6497: === configuring in src/Ampl (/home/ysun/Downloads/OOQP-0.99.22/src/Ampl)
configure:6600: running /bin/bash ./configure '--prefix=/usr/local'  --cache-file=/dev/null --srcdir=.

## ---------------- ##
## Cache variables. ##
## ---------------- ##

ac_cv_build=i686-pc-linux-gnu
ac_cv_c_compiler_gnu=yes
ac_cv_cxx_compiler_gnu=yes
ac_cv_cxx_explicit=yes
ac_cv_env_CCC_set=
ac_cv_env_CCC_value=
ac_cv_env_CC_set=
ac_cv_env_CC_value=
ac_cv_env_CFLAGS_set=
ac_cv_env_CFLAGS_value=
ac_cv_env_CPPFLAGS_set=
ac_cv_env_CPPFLAGS_value=
ac_cv_env_CXXCPP_set=
ac_cv_env_CXXCPP_value=
ac_cv_env_CXXFLAGS_set=
ac_cv_env_CXXFLAGS_value=
ac_cv_env_CXX_set=
ac_cv_env_CXX_value=
ac_cv_env_F77_set=
ac_cv_env_F77_value=
ac_cv_env_FFLAGS_set=
ac_cv_env_FFLAGS_value=
ac_cv_env_LDFLAGS_set=
ac_cv_env_LDFLAGS_value=
ac_cv_env_LIBS_set=
ac_cv_env_LIBS_value=
ac_cv_env_build_alias_set=
ac_cv_env_build_alias_value=
ac_cv_env_host_alias_set=
ac_cv_env_host_alias_value=
ac_cv_env_target_alias_set=
ac_cv_env_target_alias_value=
ac_cv_f77_compiler_gnu=yes
ac_cv_f77_libs=' -L/media/data/edwardspace/IntelCpl//tbb/ia32/cc4.1.0_libc2.4_kernel2.6.16.21/lib/../lib -L/usr/lib/gcc/i686-linux-gnu/4.4.5 -L/usr/lib/gcc/i686-linux-gnu/4.4.5/../../../../lib -L/lib/../lib -L/usr/lib/../lib -L/media/data/edwardspace/IntelCpl//lib/ia32 -L/media/data/edwardspace/IntelCpl//mkl/lib/32 -L/media/data/edwardspace/IntelCpl//tbb/ia32/cc4.1.0_libc2.4_kernel2.6.16.21/lib -L/usr/lib/gcc/i686-linux-gnu/4.4.5/../../.. -L/usr/lib/i686-linux-gnu -lgfortranbegin -lgfortran -lm'
ac_cv_func_getrusage=yes
ac_cv_header_stdc=yes
ac_cv_host=i686-pc-linux-gnu
ac_cv_lib_MA27_ma27ad=no
ac_cv_lib_MA57_ma57ad=no
ac_cv_lib_blas_dcopy=yes
ac_cv_objext=o
ac_cv_path_EGREP='/bin/grep -E'
ac_cv_path_GREP=/bin/grep
ac_cv_path_install='/usr/bin/install -c'
ac_cv_prog_CC=cc
ac_cv_prog_CXXCPP='g++ -E'
ac_cv_prog_ac_ct_CXX=g++
ac_cv_prog_ac_ct_F77=gfortran
ac_cv_prog_ac_ct_RANLIB=ranlib
ac_cv_prog_cc_c89=
ac_cv_prog_cc_g=yes
ac_cv_prog_cxx_g=yes
ac_cv_prog_f77_g=yes
ac_cv_prog_f77_v=-v
ac_cv_target=i686-pc-linux-gnu

## ----------------- ##
## Output variables. ##
## ----------------- ##

BLAS='-lblas'
CC='cc'
CFLAGS='-O'
CPPFLAGS=''
CXX='g++'
CXXCPP='g++ -E'
CXXFLAGS='-O'
DEFS='-DPACKAGE_NAME=\"\" -DPACKAGE_TARNAME=\"\" -DPACKAGE_VERSION=\"\" -DPACKAGE_STRING=\"\" -DPACKAGE_BUGREPORT=\"\" -DHAVE_EXPLICIT= -DSTDC_HEADERS=1 -DHAVE_GETRUSAGE=1'
ECHO_C=''
ECHO_N='-n'
ECHO_T=''
EGREP='/bin/grep -E'
EXEEXT=''
F77='gfortran'
FFLAGS='-O'
FLIBS=' -L/media/data/edwardspace/IntelCpl//tbb/ia32/cc4.1.0_libc2.4_kernel2.6.16.21/lib/../lib -L/usr/lib/gcc/i686-linux-gnu/4.4.5 -L/usr/lib/gcc/i686-linux-gnu/4.4.5/../../../../lib -L/lib/../lib -L/usr/lib/../lib -L/media/data/edwardspace/IntelCpl//lib/ia32 -L/media/data/edwardspace/IntelCpl//mkl/lib/32 -L/media/data/edwardspace/IntelCpl//tbb/ia32/cc4.1.0_libc2.4_kernel2.6.16.21/lib -L/usr/lib/gcc/i686-linux-gnu/4.4.5/../../.. -L/usr/lib/i686-linux-gnu -lgfortranbegin -lgfortran -lm'
GREP='/bin/grep'
INCLUDES=''
INSTALL_DATA='${INSTALL} -m 644'
INSTALL_PROGRAM='${INSTALL}'
INSTALL_SCRIPT='${INSTALL}'
LDFLAGS=''
LIBOBJS=''
LIBS=''
LTLIBOBJS=''
MA27LIB='extras/MA27/libMA27.a'
MA57LIB='extras/MA57/libMA57.a'
OBJEXT='o'
PACKAGE_BUGREPORT=''
PACKAGE_NAME=''
PACKAGE_STRING=''
PACKAGE_TARNAME=''
PACKAGE_VERSION=''
PATH_SEPARATOR=':'
PETSC_DIR=''
RANLIB='ranlib'
SHELL='/bin/bash'
ac_ct_CC=''
ac_ct_CXX='g++'
ac_ct_F77='gfortran'
bindir='${exec_prefix}/bin'
build='i686-pc-linux-gnu'
build_alias=''
build_cpu='i686'
build_os='linux-gnu'
build_vendor='pc'
datadir='${datarootdir}'
datarootdir='${prefix}/share'
docdir='${datarootdir}/doc/${PACKAGE}'
dvidir='${docdir}'
exec_prefix='${prefix}'
host='i686-pc-linux-gnu'
host_alias=''
host_cpu='i686'
host_os='linux-gnu'
host_vendor='pc'
htmldir='${docdir}'
includedir='${prefix}/include'
infodir='${datarootdir}/info'
libdir='${exec_prefix}/lib'
libexecdir='${exec_prefix}/libexec'
localedir='${datarootdir}/locale'
localstatedir='${prefix}/var'
mandir='${datarootdir}/man'
oldincludedir='/usr/include'
ooqp_src='src'
pdfdir='${docdir}'
petsc_common_variables=''
petsc_enabled='no # Petsc support has been disabled'
prefix='/usr/local'
program_transform_name='s,x,x,'
psdir='${docdir}'
sbindir='${exec_prefix}/sbin'
sharedstatedir='${prefix}/com'
subdirs=' src/Mex src/Ampl'
sysconfdir='${prefix}/etc'
target='i686-pc-linux-gnu'
target_alias=''
target_cpu='i686'
target_os='linux-gnu'
target_vendor='pc'

## ----------- ##
## confdefs.h. ##
## ----------- ##

#define PACKAGE_NAME ""
#define PACKAGE_TARNAME ""
#define PACKAGE_VERSION ""
#define PACKAGE_STRING ""
#define PACKAGE_BUGREPORT ""
#define HAVE_EXPLICIT
#define STDC_HEADERS 1
#define HAVE_GETRUSAGE 1

configure: exit 0
